21:17:02.809 [main] INFO  main.Calculator - Starting execution
21:17:02.811 [main] INFO  main.Calculator - PUSH 1
21:17:02.812 [main] INFO  main.Calculator - PUSH 2
21:17:02.812 [main] INFO  main.Calculator - +
21:17:02.813 [main] INFO  main.Calculator - PRINT23:42:19.171 [main] INFO  main.Calculator - Starting execution
23:42:23.809 [main] INFO  main.Calculator - PUSH a
23:42:23.813 [main] ERROR main.Calculator - Wrong argument of command PUSH: a
23:42:32.734 [main] INFO  main.Calculator - DEFINE a 13
23:42:36.886 [main] INFO  main.Calculator - PUSH a
23:42:39.071 [main] INFO  main.Calculator - PUSH a
23:42:42.159 [main] INFO  main.Calculator - +
23:42:45.214 [main] INFO  main.Calculator - PRINT
23:42:49.612 [main] INFO  main.Calculator - PUSH 0
23:42:50.662 [main] INFO  main.Calculator - /
23:42:50.664 [main] ERROR main.Calculator - Zero division
23:42:54.878 [main] INFO  main.Calculator - PRINT
23:42:58.178 [main] INFO  main.Calculator - +
23:43:00.448 [main] INFO  main.Calculator - PRINT
23:43:04.569 [main] INFO  main.Calculator - EXIT
23:52:17.073 [main] INFO  main.Calculator - Starting execution
23:52:21.442 [main] INFO  main.Calculator - DEFINE a 34
23:52:25.910 [main] INFO  main.Calculator - +
23:52:25.913 [main] ERROR main.Calculator - Command + requires stack size 2, got 0
23:52:29.135 [main] INFO  main.Calculator - PRINT
23:52:29.136 [main] ERROR main.Calculator - Command PRINT requires stack size 1, got 0
23:52:33.773 [main] INFO  main.Calculator - PUSH a
23:52:39.278 [main] INFO  main.Calculator - DEFINE b 45
23:52:42.717 [main] INFO  main.Calculator - PUSH b
23:52:45.207 [main] INFO  main.Calculator - PUSH a
23:52:46.315 [main] INFO  main.Calculator - -
23:52:47.783 [main] INFO  main.Calculator - PRINT
23:52:50.193 [main] INFO  main.Calculator - *
23:52:52.007 [main] INFO  main.Calculator - PRINT
23:52:55.109 [main] INFO  main.Calculator - +
23:52:55.110 [main] ERROR main.Calculator - Command + requires stack size 2, got 1
23:52:58.286 [main] INFO  main.Calculator - EXIT
